<?xml version="1.0" encoding="utf-8"?><testsuites name="pytest tests"><testsuite name="pytest" errors="0" failures="0" skipped="0" tests="15" time="4.119" timestamp="2026-07-07T07:18:40.357177+00:00" hostname="agent-env-7eb0ad64-c610-4473-ba37-a1e29d6dec1b"><testcase classname="tests.backend_test.TestAuth" name="test_me_unauth_401" time="0.138" /><testcase classname="tests.backend_test.TestSongs" name="test_list_seeded_songs" time="0.213" /><testcase classname="tests.backend_test.TestSongs" name="test_search_songs" time="0.268" /><testcase classname="tests.backend_test.TestAuth" name="test_register_and_me" time="0.440" /><testcase classname="tests.backend_test.TestSongs" name="test_stream_full_and_range" time="0.562" /><testcase classname="tests.backend_test.TestAuth" name="test_duplicate_username_400" time="0.135" /><testcase classname="tests.backend_test.TestAuth" name="test_login_by_mobile" time="0.642" /><testcase classname="tests.backend_test.TestAuth" name="test_login_by_username" time="0.503" /><testcase classname="tests.backend_test.TestSongs" name="test_like_save_toggle" time="1.553" /><testcase classname="tests.backend_test.TestAuth" name="test_admin_login" time="0.414" /><testcase classname="tests.backend_test.TestAuth" name="test_login_invalid_credentials" time="0.321" /><testcase classname="tests.backend_test.TestFriends" name="test_friend_flow" time="0.677" /><testcase classname="tests.backend_test.TestSongs" name="test_non_admin_upload_403" time="0.093" /><testcase classname="tests.backend_test.TestAdmin" name="test_admin_upload_and_delete" time="0.838" /><testcase classname="tests.backend_test.TestParties" name="test_party_create_join" time="0.298" /></testsuite></testsuites>